<?xml version="1.0" encoding="UTF-8"?>
<testsuites name="ContactMap.org Jest Tests" tests="0" failures="0" time="0.003">
</testsuites>